<?xml version="1.0" encoding="UTF-8"?>
<testsuite name="com.gilded.TestGildedRoseUpdated" tests="1" skipped="0" failures="0" errors="0" timestamp="2022-04-06T01:33:31" hostname="DESKTOP-6545M7R" time="0.005">
  <properties/>
  <testcase name="testConjuredMagicItem2" classname="com.gilded.TestGildedRoseUpdated" time="0.005"/>
  <system-out><![CDATA[]]></system-out>
  <system-err><![CDATA[]]></system-err>
</testsuite>
